  Game.cpp
C:\Users\kings\Desktop\Nový priečinok\Neutronium\Include\Nt\Core\Utilities.h(28,1): warning C4005: 'Raise': macro redefinition
C:\Users\kings\Desktop\Nový priečinok\Neutronium\Include\Nt\Core\Utilities.h(27,1): message : see previous definition of 'Raise'
C:\Users\kings\Desktop\Nový priečinok\Neutronium\Include\Nt\Physics\RayCast.h(31,40): warning C4244: 'initializing': conversion from 'double' to 'Nt::Float', possible loss of data
C:\Users\kings\Desktop\Nový priečinok\Neutronium\Include\Nt\Physics\RayCast.h(31,34): warning C4244: 'initializing': conversion from 'double' to 'const Nt::Float', possible loss of data
C:\Users\kings\Desktop\Nový priečinok\Neutronium\Include\Nt\Physics\Collision.h(286,29): warning C4244: 'initializing': conversion from 'double' to 'Nt::Float', possible loss of data
C:\Users\kings\Desktop\Nový priečinok\Neutronium\Include\Nt\Physics.h(17,10): warning C4067: unexpected tokens following preprocessor directive - expected a newline
C:\Users\kings\Desktop\Nový priečinok\NeutroniumEngine\Engine\Wave.h(46,36): warning C4244: 'initializing': conversion from 'std::streamoff' to 'Nt::Int', possible loss of data
C:\Users\kings\Desktop\Nový priečinok\NeutroniumEngine\Engine\Wave.h(46,24): warning C4244: 'initializing': conversion from 'std::streamoff' to 'const Nt::Int', possible loss of data
C:\Users\kings\Desktop\Nový priečinok\NeutroniumEngine\Engine\Collider.h(300,29): warning C4244: 'initializing': conversion from 'double' to 'Nt::Float', possible loss of data
C:\Users\kings\Desktop\Nový priečinok\NeutroniumEngine\Application\Settings.h(28,98): warning C4244: '=': conversion from 'Nt::Float' to '_Ty', possible loss of data
          with
          [
              _Ty=Nt::uInt
          ]
C:\Users\kings\Desktop\Nový priečinok\NeutroniumEngine\Application\Settings.h(43,54): warning C4244: '=': conversion from 'float' to '_Ty', possible loss of data
          with
          [
              _Ty=Nt::uInt
          ]
C:\Users\kings\Desktop\Nový priečinok\NeutroniumEngine\Application\Settings.h(44,56): warning C4244: '=': conversion from 'float' to '_Ty', possible loss of data
          with
          [
              _Ty=Nt::uInt
          ]
C:\Users\kings\Desktop\Nový priečinok\NeutroniumEngine\Application\Settings.h(48,57): warning C4244: '=': conversion from 'float' to '_Ty', possible loss of data
          with
          [
              _Ty=Nt::uInt
          ]
C:\Users\kings\Desktop\Nový priečinok\NeutroniumEngine\Application\Settings.h(53,51): warning C4244: '=': conversion from 'float' to '_Ty', possible loss of data
          with
          [
              _Ty=Nt::uInt
          ]
C:\Users\kings\Desktop\Nový priečinok\NeutroniumEngine\Game\Game.h(136,19): warning C4244: '=': conversion from 'double' to '_Ty', possible loss of data
          with
          [
              _Ty=Nt::Float
          ]
C:\Users\kings\Desktop\Nový priečinok\NeutroniumEngine\Game\Game.h(137,19): warning C4244: '=': conversion from 'double' to '_Ty', possible loss of data
          with
          [
              _Ty=Nt::Float
          ]
C:\Users\kings\Desktop\Nový priečinok\NeutroniumEngine\Game\Game.h(138,19): warning C4244: '=': conversion from 'double' to '_Ty', possible loss of data
          with
          [
              _Ty=Nt::Float
          ]
  Main.cpp
C:\Users\kings\Desktop\Nový priečinok\Neutronium\Include\Nt\Core\Utilities.h(28,1): warning C4005: 'Raise': macro redefinition
C:\Users\kings\Desktop\Nový priečinok\Neutronium\Include\Nt\Core\Utilities.h(27,1): message : see previous definition of 'Raise'
C:\Users\kings\Desktop\Nový priečinok\Neutronium\Include\Nt\Physics\RayCast.h(31,40): warning C4244: 'initializing': conversion from 'double' to 'Nt::Float', possible loss of data
C:\Users\kings\Desktop\Nový priečinok\Neutronium\Include\Nt\Physics\RayCast.h(31,34): warning C4244: 'initializing': conversion from 'double' to 'const Nt::Float', possible loss of data
C:\Users\kings\Desktop\Nový priečinok\Neutronium\Include\Nt\Physics\Collision.h(286,29): warning C4244: 'initializing': conversion from 'double' to 'Nt::Float', possible loss of data
C:\Users\kings\Desktop\Nový priečinok\Neutronium\Include\Nt\Physics.h(17,10): warning C4067: unexpected tokens following preprocessor directive - expected a newline
C:\Users\kings\Desktop\Nový priečinok\NeutroniumEngine\Engine\Wave.h(46,36): warning C4244: 'initializing': conversion from 'std::streamoff' to 'Nt::Int', possible loss of data
C:\Users\kings\Desktop\Nový priečinok\NeutroniumEngine\Engine\Wave.h(46,24): warning C4244: 'initializing': conversion from 'std::streamoff' to 'const Nt::Int', possible loss of data
C:\Users\kings\Desktop\Nový priečinok\NeutroniumEngine\Engine\Collider.h(300,29): warning C4244: 'initializing': conversion from 'double' to 'Nt::Float', possible loss of data
C:\Users\kings\Desktop\Nový priečinok\NeutroniumEngine\Application\Settings.h(28,98): warning C4244: '=': conversion from 'Nt::Float' to '_Ty', possible loss of data
          with
          [
              _Ty=Nt::uInt
          ]
C:\Users\kings\Desktop\Nový priečinok\NeutroniumEngine\Application\Settings.h(43,54): warning C4244: '=': conversion from 'float' to '_Ty', possible loss of data
          with
          [
              _Ty=Nt::uInt
          ]
C:\Users\kings\Desktop\Nový priečinok\NeutroniumEngine\Application\Settings.h(44,56): warning C4244: '=': conversion from 'float' to '_Ty', possible loss of data
          with
          [
              _Ty=Nt::uInt
          ]
C:\Users\kings\Desktop\Nový priečinok\NeutroniumEngine\Application\Settings.h(48,57): warning C4244: '=': conversion from 'float' to '_Ty', possible loss of data
          with
          [
              _Ty=Nt::uInt
          ]
C:\Users\kings\Desktop\Nový priečinok\NeutroniumEngine\Application\Settings.h(53,51): warning C4244: '=': conversion from 'float' to '_Ty', possible loss of data
          with
          [
              _Ty=Nt::uInt
          ]
C:\Users\kings\Desktop\Nový priečinok\NeutroniumEngine\Game\Game.h(136,19): warning C4244: '=': conversion from 'double' to '_Ty', possible loss of data
          with
          [
              _Ty=Nt::Float
          ]
C:\Users\kings\Desktop\Nový priečinok\NeutroniumEngine\Game\Game.h(137,19): warning C4244: '=': conversion from 'double' to '_Ty', possible loss of data
          with
          [
              _Ty=Nt::Float
          ]
C:\Users\kings\Desktop\Nový priečinok\NeutroniumEngine\Game\Game.h(138,19): warning C4244: '=': conversion from 'double' to '_Ty', possible loss of data
          with
          [
              _Ty=Nt::Float
          ]
  Game.vcxproj -> C:\Users\kings\Desktop\Nový priečinok\NeutroniumEngine\Bin\Release\Game.lib
