  lapi.c
  lauxlib.c
  lbaselib.c
  lcode.c
  lcorolib.c
  lctype.c
  ldblib.c
  ldebug.c
  ldo.c
  ldump.c
  lfunc.c
  lgc.c
  linit.c
  liolib.c
  llex.c
  lmathlib.c
  lmem.c
  loadlib.c
  lobject.c
  lopcodes.c
  Generating Code...
  Compiling...
  loslib.c
  lparser.c
  lstate.c
  lstring.c
  lstrlib.c
  ltable.c
  ltablib.c
  ltm.c
  lua.c
  lundump.c
  lutf8lib.c
  lvm.c
  lzio.c
  Generating Code...
  LINK : C:\Users\kings\Desktop\lua-5.4.4\src\Project1\Debug\Project1.exe not found or not built by the last incremental link; performing full link
  Project1.vcxproj -> C:\Users\kings\Desktop\lua-5.4.4\src\Project1\Debug\Project1.exe
